2020-01-10 09:50:06,080 INFO org.springframework.boot.StartupInfoLogger [main] Starting PlantdiaryApplication on DESKTOP-MV5RI2B with PID 12496 (C:\Users\User\workspace\plantdiary\target\classes started by User in C:\Users\User\workspace\plantdiary)
2020-01-10 09:50:06,080 DEBUG org.springframework.boot.StartupInfoLogger [main] Running with Spring Boot v2.0.4.RELEASE, Spring v5.0.8.RELEASE
2020-01-10 09:50:06,096 INFO org.springframework.boot.SpringApplication [main] No active profile set, falling back to default profiles: default
2020-01-10 09:50:19,568 INFO org.springframework.boot.StartupInfoLogger [main] Started PlantdiaryApplication in 14.336 seconds (JVM running for 15.362)
2020-01-10 09:50:31,739 INFO com.plantdiary.PlantplacesController [http-nio-8080-exec-1] User has entered the /start endpoint
2020-01-10 09:50:36,553 INFO com.plantdiary.PlantplacesController [http-nio-8080-exec-2] User has entered the /start endpoint
2020-01-10 10:00:06,731 INFO org.springframework.boot.StartupInfoLogger [main] Starting PlantdiaryApplication on DESKTOP-MV5RI2B with PID 1208 (C:\Users\User\workspace\plantdiary\target\classes started by User in C:\Users\User\workspace\plantdiary)
2020-01-10 10:00:06,747 DEBUG org.springframework.boot.StartupInfoLogger [main] Running with Spring Boot v2.0.4.RELEASE, Spring v5.0.8.RELEASE
2020-01-10 10:00:06,747 INFO org.springframework.boot.SpringApplication [main] No active profile set, falling back to default profiles: default
2020-01-10 10:00:16,056 INFO org.springframework.boot.StartupInfoLogger [main] Started PlantdiaryApplication in 10.039 seconds (JVM running for 10.953)
2020-01-10 10:07:10,894 INFO org.springframework.boot.StartupInfoLogger [main] Starting PlantdiaryApplication on DESKTOP-MV5RI2B with PID 5736 (C:\Users\User\workspace\plantdiary\target\classes started by User in C:\Users\User\workspace\plantdiary)
2020-01-10 10:07:10,910 DEBUG org.springframework.boot.StartupInfoLogger [main] Running with Spring Boot v2.0.4.RELEASE, Spring v5.0.8.RELEASE
2020-01-10 10:07:10,910 INFO org.springframework.boot.SpringApplication [main] No active profile set, falling back to default profiles: default
2020-01-10 10:07:22,895 INFO org.springframework.boot.StartupInfoLogger [main] Started PlantdiaryApplication in 12.88 seconds (JVM running for 13.696)
2020-01-10 10:07:26,411 INFO com.plantdiary.PlantplacesController [http-nio-8080-exec-2] User has entered the /start endpoint
2020-01-10 10:07:30,057 INFO com.plantdiary.PlantplacesController [http-nio-8080-exec-1] User has entered the /start endpoint
2020-01-10 10:59:39,547 INFO org.springframework.boot.StartupInfoLogger [main] Starting PlantdiaryApplication on DESKTOP-MV5RI2B with PID 10836 (C:\Users\User\workspace\plantdiary\target\classes started by User in C:\Users\User\workspace\plantdiary)
2020-01-10 10:59:39,561 DEBUG org.springframework.boot.StartupInfoLogger [main] Running with Spring Boot v2.0.4.RELEASE, Spring v5.0.8.RELEASE
2020-01-10 10:59:39,561 INFO org.springframework.boot.SpringApplication [main] No active profile set, falling back to default profiles: default
2020-01-10 10:59:51,556 INFO org.springframework.boot.StartupInfoLogger [main] Started PlantdiaryApplication in 12.903 seconds (JVM running for 13.771)
2020-01-10 11:00:00,431 INFO com.plantdiary.PlantplacesController [http-nio-8080-exec-1] User has entered the /start endpoint
2020-01-10 11:00:07,191 INFO com.plantdiary.PlantplacesController [http-nio-8080-exec-2] User has entered the /start endpoint
2020-01-10 11:06:49,966 INFO org.springframework.boot.StartupInfoLogger [main] Starting PlantdiaryApplication on DESKTOP-MV5RI2B with PID 14408 (C:\Users\User\workspace\plantdiary\target\classes started by User in C:\Users\User\workspace\plantdiary)
2020-01-10 11:06:49,974 DEBUG org.springframework.boot.StartupInfoLogger [main] Running with Spring Boot v2.0.4.RELEASE, Spring v5.0.8.RELEASE
2020-01-10 11:06:49,974 INFO org.springframework.boot.SpringApplication [main] No active profile set, falling back to default profiles: default
2020-01-10 11:07:05,132 INFO org.springframework.boot.StartupInfoLogger [main] Started PlantdiaryApplication in 16.058 seconds (JVM running for 17.197)
2020-01-10 11:07:05,709 INFO com.plantdiary.PlantplacesController [http-nio-8080-exec-1] User has entered the /start endpoint
2020-01-10 11:10:45,847 INFO org.springframework.boot.StartupInfoLogger [main] Starting PlantdiaryApplication on DESKTOP-MV5RI2B with PID 4184 (C:\Users\User\workspace\plantdiary\target\classes started by User in C:\Users\User\workspace\plantdiary)
2020-01-10 11:10:45,847 DEBUG org.springframework.boot.StartupInfoLogger [main] Running with Spring Boot v2.0.4.RELEASE, Spring v5.0.8.RELEASE
2020-01-10 11:10:45,863 INFO org.springframework.boot.SpringApplication [main] No active profile set, falling back to default profiles: default
2020-01-10 11:10:56,531 INFO org.springframework.boot.StartupInfoLogger [main] Started PlantdiaryApplication in 11.518 seconds (JVM running for 12.196)
2020-01-10 11:11:03,462 INFO com.plantdiary.PlantplacesController [http-nio-8080-exec-1] User has entered the /start endpoint
2020-01-10 11:12:03,229 INFO org.springframework.boot.StartupInfoLogger [main] Starting PlantdiaryApplication on DESKTOP-MV5RI2B with PID 3292 (C:\Users\User\workspace\plantdiary\target\classes started by User in C:\Users\User\workspace\plantdiary)
2020-01-10 11:12:03,239 DEBUG org.springframework.boot.StartupInfoLogger [main] Running with Spring Boot v2.0.4.RELEASE, Spring v5.0.8.RELEASE
2020-01-10 11:12:03,243 INFO org.springframework.boot.SpringApplication [main] No active profile set, falling back to default profiles: default
2020-01-10 11:12:13,774 INFO org.springframework.boot.StartupInfoLogger [main] Started PlantdiaryApplication in 11.465 seconds (JVM running for 12.51)
2020-01-10 11:29:19,915 INFO org.springframework.boot.StartupInfoLogger [main] Starting PlantdiaryApplication on DESKTOP-MV5RI2B with PID 5348 (C:\Users\User\workspace\plantdiary\target\classes started by User in C:\Users\User\workspace\plantdiary)
2020-01-10 11:29:19,932 DEBUG org.springframework.boot.StartupInfoLogger [main] Running with Spring Boot v2.0.4.RELEASE, Spring v5.0.8.RELEASE
2020-01-10 11:29:19,932 INFO org.springframework.boot.SpringApplication [main] No active profile set, falling back to default profiles: default
2020-01-10 11:29:29,949 INFO org.springframework.boot.StartupInfoLogger [main] Started PlantdiaryApplication in 10.819 seconds (JVM running for 11.461)
2020-01-10 11:29:35,630 INFO com.plantdiary.PlantplacesController [http-nio-8080-exec-1] User has entered the /start endpoint
2020-01-10 11:30:29,502 INFO org.springframework.boot.StartupInfoLogger [main] Starting PlantdiaryApplication on DESKTOP-MV5RI2B with PID 7812 (C:\Users\User\workspace\plantdiary\target\classes started by User in C:\Users\User\workspace\plantdiary)
2020-01-10 11:30:29,518 DEBUG org.springframework.boot.StartupInfoLogger [main] Running with Spring Boot v2.0.4.RELEASE, Spring v5.0.8.RELEASE
2020-01-10 11:30:29,518 INFO org.springframework.boot.SpringApplication [main] No active profile set, falling back to default profiles: default
2020-01-10 11:30:40,930 INFO org.springframework.boot.StartupInfoLogger [main] Started PlantdiaryApplication in 12.19 seconds (JVM running for 12.872)
2020-01-10 11:30:41,331 INFO com.plantdiary.PlantplacesController [http-nio-8080-exec-1] User has entered the /start endpoint
2020-01-10 11:31:54,630 INFO org.springframework.boot.StartupInfoLogger [main] Starting PlantdiaryApplication on DESKTOP-MV5RI2B with PID 8668 (C:\Users\User\workspace\plantdiary\target\classes started by User in C:\Users\User\workspace\plantdiary)
2020-01-10 11:31:54,638 DEBUG org.springframework.boot.StartupInfoLogger [main] Running with Spring Boot v2.0.4.RELEASE, Spring v5.0.8.RELEASE
2020-01-10 11:31:54,640 INFO org.springframework.boot.SpringApplication [main] No active profile set, falling back to default profiles: default
2020-01-10 11:32:12,676 INFO org.springframework.boot.StartupInfoLogger [main] Started PlantdiaryApplication in 19.063 seconds (JVM running for 19.777)
2020-01-10 11:33:18,209 INFO com.plantdiary.PlantplacesController [http-nio-8080-exec-10] User has entered the /start endpoint
2020-01-10 11:33:31,808 INFO com.plantdiary.PlantplacesController [http-nio-8080-exec-9] User has entered the /start endpoint
2020-01-10 11:34:09,543 INFO org.springframework.boot.StartupInfoLogger [main] Starting PlantdiaryApplication on DESKTOP-MV5RI2B with PID 13296 (C:\Users\User\workspace\plantdiary\target\classes started by User in C:\Users\User\workspace\plantdiary)
2020-01-10 11:34:09,553 DEBUG org.springframework.boot.StartupInfoLogger [main] Running with Spring Boot v2.0.4.RELEASE, Spring v5.0.8.RELEASE
2020-01-10 11:34:09,553 INFO org.springframework.boot.SpringApplication [main] No active profile set, falling back to default profiles: default
2020-01-10 11:34:23,322 INFO org.springframework.boot.StartupInfoLogger [main] Started PlantdiaryApplication in 14.703 seconds (JVM running for 15.391)
2020-01-10 11:34:23,675 INFO com.plantdiary.PlantplacesController [http-nio-8080-exec-1] User has entered the /start endpoint
2020-01-10 11:34:23,682 INFO com.plantdiary.PlantplacesController [http-nio-8080-exec-3] User has entered the /start endpoint
2020-01-10 12:02:53,807 INFO org.springframework.boot.StartupInfoLogger [main] Starting PlantdiaryApplication on DESKTOP-MV5RI2B with PID 6708 (C:\Users\User\workspace\plantdiary\target\classes started by User in C:\Users\User\workspace\plantdiary)
2020-01-10 12:02:53,823 DEBUG org.springframework.boot.StartupInfoLogger [main] Running with Spring Boot v2.0.4.RELEASE, Spring v5.0.8.RELEASE
2020-01-10 12:02:53,838 INFO org.springframework.boot.SpringApplication [main] No active profile set, falling back to default profiles: default
2020-01-10 12:03:07,298 INFO org.springframework.boot.StartupInfoLogger [main] Started PlantdiaryApplication in 14.558 seconds (JVM running for 15.913)
2020-01-10 12:03:33,256 INFO com.plantdiary.PlantplacesController [http-nio-8080-exec-1] User has entered the /start endpoint
2020-01-10 12:04:32,408 INFO org.springframework.boot.StartupInfoLogger [main] Starting PlantdiaryApplication on DESKTOP-MV5RI2B with PID 12584 (C:\Users\User\workspace\plantdiary\target\classes started by User in C:\Users\User\workspace\plantdiary)
2020-01-10 12:04:32,424 DEBUG org.springframework.boot.StartupInfoLogger [main] Running with Spring Boot v2.0.4.RELEASE, Spring v5.0.8.RELEASE
2020-01-10 12:04:32,424 INFO org.springframework.boot.SpringApplication [main] No active profile set, falling back to default profiles: default
2020-01-10 12:04:46,117 INFO org.springframework.boot.StartupInfoLogger [main] Started PlantdiaryApplication in 14.719 seconds (JVM running for 15.615)
2020-01-10 12:05:07,417 INFO com.plantdiary.PlantplacesController [http-nio-8080-exec-1] User has entered the /start endpoint
2020-01-10 12:05:58,128 INFO com.plantdiary.PlantplacesController [http-nio-8080-exec-3] User has entered the /start endpoint
2020-01-10 12:08:39,184 INFO org.springframework.boot.StartupInfoLogger [main] Starting PlantdiaryApplication on DESKTOP-MV5RI2B with PID 10160 (C:\Users\User\workspace\plantdiary\target\classes started by User in C:\Users\User\workspace\plantdiary)
2020-01-10 12:08:39,195 DEBUG org.springframework.boot.StartupInfoLogger [main] Running with Spring Boot v2.0.4.RELEASE, Spring v5.0.8.RELEASE
2020-01-10 12:08:39,205 INFO org.springframework.boot.SpringApplication [main] No active profile set, falling back to default profiles: default
2020-01-10 12:08:55,646 INFO org.springframework.boot.StartupInfoLogger [main] Started PlantdiaryApplication in 17.8 seconds (JVM running for 18.766)
2020-01-10 12:09:18,178 INFO com.plantdiary.PlantplacesController [http-nio-8080-exec-1] User has entered the /start endpoint
2020-01-10 12:15:58,798 INFO org.springframework.boot.StartupInfoLogger [main] Starting PlantdiaryApplication on DESKTOP-MV5RI2B with PID 6092 (C:\Users\User\workspace\plantdiary\target\classes started by User in C:\Users\User\workspace\plantdiary)
2020-01-10 12:15:58,809 DEBUG org.springframework.boot.StartupInfoLogger [main] Running with Spring Boot v2.0.4.RELEASE, Spring v5.0.8.RELEASE
2020-01-10 12:15:58,825 INFO org.springframework.boot.SpringApplication [main] No active profile set, falling back to default profiles: default
2020-01-10 12:16:14,874 INFO org.springframework.boot.StartupInfoLogger [main] Started PlantdiaryApplication in 17.247 seconds (JVM running for 18.257)
2020-01-10 12:16:19,906 INFO com.plantdiary.PlantplacesController [http-nio-8080-exec-1] User has entered the /start endpoint
2020-01-10 12:16:32,992 INFO com.plantdiary.PlantplacesController [http-nio-8080-exec-3] User has entered the /start endpoint
2020-01-10 12:16:34,296 INFO com.plantdiary.PlantplacesController [http-nio-8080-exec-6] User has entered the /start endpoint
2020-01-10 12:17:38,623 INFO com.plantdiary.PlantplacesController [http-nio-8080-exec-1] User has entered the /start endpoint
2020-01-10 12:18:19,603 INFO org.springframework.boot.StartupInfoLogger [main] Starting PlantdiaryApplication on DESKTOP-MV5RI2B with PID 8588 (C:\Users\User\workspace\plantdiary\target\classes started by User in C:\Users\User\workspace\plantdiary)
2020-01-10 12:18:19,619 DEBUG org.springframework.boot.StartupInfoLogger [main] Running with Spring Boot v2.0.4.RELEASE, Spring v5.0.8.RELEASE
2020-01-10 12:18:19,625 INFO org.springframework.boot.SpringApplication [main] No active profile set, falling back to default profiles: default
2020-01-10 12:18:33,466 INFO org.springframework.boot.StartupInfoLogger [main] Started PlantdiaryApplication in 14.897 seconds (JVM running for 16.195)
2020-01-10 12:18:38,519 INFO com.plantdiary.PlantplacesController [http-nio-8080-exec-1] User has entered the /start endpoint
2020-01-10 12:24:33,759 INFO org.springframework.boot.StartupInfoLogger [main] Starting PlantdiaryApplication on DESKTOP-MV5RI2B with PID 1812 (C:\Users\User\workspace\plantdiary\target\classes started by User in C:\Users\User\workspace\plantdiary)
2020-01-10 12:24:33,773 DEBUG org.springframework.boot.StartupInfoLogger [main] Running with Spring Boot v2.0.4.RELEASE, Spring v5.0.8.RELEASE
2020-01-10 12:24:33,783 INFO org.springframework.boot.SpringApplication [main] No active profile set, falling back to default profiles: default
2020-01-10 12:24:47,719 INFO org.springframework.boot.StartupInfoLogger [main] Started PlantdiaryApplication in 15.077 seconds (JVM running for 16.238)
2020-01-10 12:24:59,781 INFO com.plantdiary.PlantplacesController [http-nio-8080-exec-1] User has entered the /start endpoint
2020-01-10 12:25:52,027 INFO org.springframework.boot.StartupInfoLogger [main] Starting PlantdiaryApplication on DESKTOP-MV5RI2B with PID 9640 (C:\Users\User\workspace\plantdiary\target\classes started by User in C:\Users\User\workspace\plantdiary)
2020-01-10 12:25:52,027 DEBUG org.springframework.boot.StartupInfoLogger [main] Running with Spring Boot v2.0.4.RELEASE, Spring v5.0.8.RELEASE
2020-01-10 12:25:52,042 INFO org.springframework.boot.SpringApplication [main] No active profile set, falling back to default profiles: default
2020-01-10 12:26:05,807 INFO org.springframework.boot.StartupInfoLogger [main] Started PlantdiaryApplication in 14.961 seconds (JVM running for 16.088)
2020-01-10 12:26:09,370 INFO com.plantdiary.PlantplacesController [http-nio-8080-exec-1] User has entered the /start endpoint
2020-01-10 12:30:46,216 INFO org.springframework.boot.StartupInfoLogger [main] Starting PlantdiaryApplication on DESKTOP-MV5RI2B with PID 11516 (C:\Users\User\workspace\plantdiary\target\classes started by User in C:\Users\User\workspace\plantdiary)
2020-01-10 12:30:46,231 DEBUG org.springframework.boot.StartupInfoLogger [main] Running with Spring Boot v2.0.4.RELEASE, Spring v5.0.8.RELEASE
2020-01-10 12:30:46,231 INFO org.springframework.boot.SpringApplication [main] No active profile set, falling back to default profiles: default
2020-01-10 12:31:00,287 INFO org.springframework.boot.StartupInfoLogger [main] Started PlantdiaryApplication in 15.33 seconds (JVM running for 16.743)
2020-01-10 12:31:25,323 INFO com.plantdiary.PlantplacesController [http-nio-8080-exec-1] User has entered the /start endpoint
2020-01-10 14:18:46,364 INFO org.springframework.boot.StartupInfoLogger [main] Starting PlantdiaryApplication on DESKTOP-MV5RI2B with PID 6292 (C:\Users\User\workspace\plantdiary\target\classes started by User in C:\Users\User\workspace\plantdiary)
2020-01-10 14:18:46,379 DEBUG org.springframework.boot.StartupInfoLogger [main] Running with Spring Boot v2.0.4.RELEASE, Spring v5.0.8.RELEASE
2020-01-10 14:18:46,395 INFO org.springframework.boot.SpringApplication [main] No active profile set, falling back to default profiles: default
2020-01-10 14:19:00,077 INFO org.springframework.boot.StartupInfoLogger [main] Started PlantdiaryApplication in 14.805 seconds (JVM running for 16.079)
2020-01-10 14:19:04,779 INFO com.plantdiary.PlantplacesController [http-nio-8080-exec-10] User has entered the /start endpoint
2020-01-10 14:29:00,419 INFO org.springframework.boot.StartupInfoLogger [main] Starting PlantdiaryApplication on DESKTOP-MV5RI2B with PID 8760 (C:\Users\User\workspace\plantdiary\target\classes started by User in C:\Users\User\workspace\plantdiary)
2020-01-10 14:29:00,435 DEBUG org.springframework.boot.StartupInfoLogger [main] Running with Spring Boot v2.0.4.RELEASE, Spring v5.0.8.RELEASE
2020-01-10 14:29:00,435 INFO org.springframework.boot.SpringApplication [main] No active profile set, falling back to default profiles: default
2020-01-10 14:29:14,378 INFO org.springframework.boot.StartupInfoLogger [main] Started PlantdiaryApplication in 15.029 seconds (JVM running for 16.002)
2020-01-10 14:29:21,481 INFO com.plantdiary.PlantplacesController [http-nio-8080-exec-1] User has entered the /start endpoint
2020-01-10 14:31:01,049 INFO org.springframework.boot.StartupInfoLogger [main] Starting PlantdiaryApplication on DESKTOP-MV5RI2B with PID 13772 (C:\Users\User\workspace\plantdiary\target\classes started by User in C:\Users\User\workspace\plantdiary)
2020-01-10 14:31:01,065 DEBUG org.springframework.boot.StartupInfoLogger [main] Running with Spring Boot v2.0.4.RELEASE, Spring v5.0.8.RELEASE
2020-01-10 14:31:01,071 INFO org.springframework.boot.SpringApplication [main] No active profile set, falling back to default profiles: default
2020-01-10 14:31:14,117 INFO org.springframework.boot.StartupInfoLogger [main] Started PlantdiaryApplication in 14.097 seconds (JVM running for 15.401)
2020-01-10 14:31:28,108 INFO com.plantdiary.PlantplacesController [http-nio-8080-exec-1] User has entered the /start endpoint
2020-01-10 14:33:23,704 INFO org.springframework.boot.StartupInfoLogger [main] Starting PlantdiaryApplication on DESKTOP-MV5RI2B with PID 10224 (C:\Users\User\workspace\plantdiary\target\classes started by User in C:\Users\User\workspace\plantdiary)
2020-01-10 14:33:23,714 DEBUG org.springframework.boot.StartupInfoLogger [main] Running with Spring Boot v2.0.4.RELEASE, Spring v5.0.8.RELEASE
2020-01-10 14:33:23,724 INFO org.springframework.boot.SpringApplication [main] No active profile set, falling back to default profiles: default
2020-01-10 14:33:39,108 INFO org.springframework.boot.StartupInfoLogger [main] Started PlantdiaryApplication in 16.804 seconds (JVM running for 17.714)
2020-01-10 14:33:39,562 INFO com.plantdiary.PlantplacesController [http-nio-8080-exec-9] User has entered the /start endpoint
2020-01-10 14:34:43,073 INFO org.springframework.boot.StartupInfoLogger [main] Starting PlantdiaryApplication on DESKTOP-MV5RI2B with PID 5548 (C:\Users\User\workspace\plantdiary\target\classes started by User in C:\Users\User\workspace\plantdiary)
2020-01-10 14:34:43,085 DEBUG org.springframework.boot.StartupInfoLogger [main] Running with Spring Boot v2.0.4.RELEASE, Spring v5.0.8.RELEASE
2020-01-10 14:34:43,105 INFO org.springframework.boot.SpringApplication [main] No active profile set, falling back to default profiles: default
2020-01-10 14:34:57,039 INFO org.springframework.boot.StartupInfoLogger [main] Started PlantdiaryApplication in 15.187 seconds (JVM running for 16.159)
2020-01-10 14:35:04,322 INFO com.plantdiary.PlantplacesController [http-nio-8080-exec-1] User has entered the /start endpoint
2020-01-10 14:36:32,474 INFO org.springframework.boot.StartupInfoLogger [main] Starting PlantdiaryApplication on DESKTOP-MV5RI2B with PID 2044 (C:\Users\User\workspace\plantdiary\target\classes started by User in C:\Users\User\workspace\plantdiary)
2020-01-10 14:36:32,490 DEBUG org.springframework.boot.StartupInfoLogger [main] Running with Spring Boot v2.0.4.RELEASE, Spring v5.0.8.RELEASE
2020-01-10 14:36:32,490 INFO org.springframework.boot.SpringApplication [main] No active profile set, falling back to default profiles: default
2020-01-10 14:36:46,034 INFO org.springframework.boot.StartupInfoLogger [main] Started PlantdiaryApplication in 14.577 seconds (JVM running for 15.516)
2020-01-10 14:36:51,789 INFO com.plantdiary.PlantplacesController [http-nio-8080-exec-1] User has entered the /start endpoint
2020-01-10 14:37:43,719 INFO org.springframework.boot.StartupInfoLogger [main] Starting PlantdiaryApplication on DESKTOP-MV5RI2B with PID 9020 (C:\Users\User\workspace\plantdiary\target\classes started by User in C:\Users\User\workspace\plantdiary)
2020-01-10 14:37:43,737 DEBUG org.springframework.boot.StartupInfoLogger [main] Running with Spring Boot v2.0.4.RELEASE, Spring v5.0.8.RELEASE
2020-01-10 14:37:43,747 INFO org.springframework.boot.SpringApplication [main] No active profile set, falling back to default profiles: default
2020-01-10 14:37:57,554 INFO org.springframework.boot.StartupInfoLogger [main] Started PlantdiaryApplication in 15.166 seconds (JVM running for 16.276)
2020-01-10 14:38:01,511 INFO com.plantdiary.PlantplacesController [http-nio-8080-exec-1] User has entered the /start endpoint
2020-01-10 14:43:02,675 INFO org.springframework.boot.StartupInfoLogger [main] Starting PlantdiaryApplication on DESKTOP-MV5RI2B with PID 13892 (C:\Users\User\workspace\plantdiary\target\classes started by User in C:\Users\User\workspace\plantdiary)
2020-01-10 14:43:02,675 DEBUG org.springframework.boot.StartupInfoLogger [main] Running with Spring Boot v2.0.4.RELEASE, Spring v5.0.8.RELEASE
2020-01-10 14:43:02,675 INFO org.springframework.boot.SpringApplication [main] No active profile set, falling back to default profiles: default
2020-01-10 14:43:16,154 INFO org.springframework.boot.StartupInfoLogger [main] Started PlantdiaryApplication in 14.493 seconds (JVM running for 15.721)
2020-01-10 14:43:21,813 INFO com.plantdiary.PlantplacesController [http-nio-8080-exec-1] User has entered the /start endpoint
2020-01-10 14:44:12,134 INFO org.springframework.boot.StartupInfoLogger [main] Starting PlantdiaryApplication on DESKTOP-MV5RI2B with PID 596 (C:\Users\User\workspace\plantdiary\target\classes started by User in C:\Users\User\workspace\plantdiary)
2020-01-10 14:44:12,134 DEBUG org.springframework.boot.StartupInfoLogger [main] Running with Spring Boot v2.0.4.RELEASE, Spring v5.0.8.RELEASE
2020-01-10 14:44:12,149 INFO org.springframework.boot.SpringApplication [main] No active profile set, falling back to default profiles: default
2020-01-10 14:44:25,094 INFO org.springframework.boot.StartupInfoLogger [main] Started PlantdiaryApplication in 13.973 seconds (JVM running for 14.939)
2020-01-10 14:44:29,242 INFO com.plantdiary.PlantplacesController [http-nio-8080-exec-1] User has entered the /start endpoint
2020-01-10 14:45:18,009 INFO org.springframework.boot.StartupInfoLogger [main] Starting PlantdiaryApplication on DESKTOP-MV5RI2B with PID 11964 (C:\Users\User\workspace\plantdiary\target\classes started by User in C:\Users\User\workspace\plantdiary)
2020-01-10 14:45:18,031 DEBUG org.springframework.boot.StartupInfoLogger [main] Running with Spring Boot v2.0.4.RELEASE, Spring v5.0.8.RELEASE
2020-01-10 14:45:18,031 INFO org.springframework.boot.SpringApplication [main] No active profile set, falling back to default profiles: default
2020-01-10 14:45:32,047 INFO org.springframework.boot.StartupInfoLogger [main] Started PlantdiaryApplication in 15.056 seconds (JVM running for 16.072)
2020-01-10 14:45:37,297 INFO com.plantdiary.PlantplacesController [http-nio-8080-exec-1] User has entered the /start endpoint
2020-01-10 15:24:21,125 INFO org.springframework.boot.StartupInfoLogger [main] Starting PlantdiaryApplication on DESKTOP-MV5RI2B with PID 9272 (C:\Users\User\workspace\plantdiary\target\classes started by User in C:\Users\User\workspace\plantdiary)
2020-01-10 15:24:21,135 DEBUG org.springframework.boot.StartupInfoLogger [main] Running with Spring Boot v2.0.4.RELEASE, Spring v5.0.8.RELEASE
2020-01-10 15:24:21,145 INFO org.springframework.boot.SpringApplication [main] No active profile set, falling back to default profiles: default
2020-01-10 15:24:30,841 INFO org.springframework.boot.StartupInfoLogger [main] Started PlantdiaryApplication in 10.718 seconds (JVM running for 11.385)
2020-01-10 15:24:34,429 INFO com.plantdiary.PlantplacesController [http-nio-8080-exec-1] User has entered the /start endpoint
2020-01-10 15:25:07,074 INFO org.springframework.boot.StartupInfoLogger [main] Starting PlantdiaryApplication on DESKTOP-MV5RI2B with PID 2860 (C:\Users\User\workspace\plantdiary\target\classes started by User in C:\Users\User\workspace\plantdiary)
2020-01-10 15:25:07,090 DEBUG org.springframework.boot.StartupInfoLogger [main] Running with Spring Boot v2.0.4.RELEASE, Spring v5.0.8.RELEASE
2020-01-10 15:25:07,090 INFO org.springframework.boot.SpringApplication [main] No active profile set, falling back to default profiles: default
2020-01-10 15:25:17,475 INFO org.springframework.boot.StartupInfoLogger [main] Started PlantdiaryApplication in 11.126 seconds (JVM running for 11.795)
2020-01-10 15:25:20,489 INFO com.plantdiary.PlantplacesController [http-nio-8080-exec-1] User has entered the /start endpoint
2020-01-10 15:25:42,313 INFO com.plantdiary.PlantplacesController [http-nio-8080-exec-2] User has entered the /start endpoint
2020-01-10 16:27:26,252 INFO org.springframework.boot.StartupInfoLogger [main] Starting PlantdiaryApplication on DESKTOP-MV5RI2B with PID 3316 (C:\Users\User\workspace\plantdiary\target\classes started by User in C:\Users\User\workspace\plantdiary)
2020-01-10 16:27:26,262 DEBUG org.springframework.boot.StartupInfoLogger [main] Running with Spring Boot v2.0.4.RELEASE, Spring v5.0.8.RELEASE
2020-01-10 16:27:26,262 INFO org.springframework.boot.SpringApplication [main] No active profile set, falling back to default profiles: default
2020-01-10 16:27:36,926 INFO org.springframework.boot.StartupInfoLogger [main] Started PlantdiaryApplication in 11.484 seconds (JVM running for 12.352)
2020-01-10 16:30:35,047 INFO org.springframework.boot.StartupInfoLogger [main] Starting PlantdiaryApplication on DESKTOP-MV5RI2B with PID 9464 (C:\Users\User\workspace\plantdiary\target\classes started by User in C:\Users\User\workspace\plantdiary)
2020-01-10 16:30:35,062 DEBUG org.springframework.boot.StartupInfoLogger [main] Running with Spring Boot v2.0.4.RELEASE, Spring v5.0.8.RELEASE
2020-01-10 16:30:35,062 INFO org.springframework.boot.SpringApplication [main] No active profile set, falling back to default profiles: default
2020-01-10 16:30:47,334 INFO org.springframework.boot.StartupInfoLogger [main] Started PlantdiaryApplication in 13.171 seconds (JVM running for 14.198)
2020-01-10 16:30:57,822 INFO com.plantdiary.PlantplacesController [http-nio-8080-exec-1] User has entered the /start endpoint
2020-01-10 16:35:14,978 INFO org.springframework.boot.StartupInfoLogger [main] Starting PlantdiaryApplication on DESKTOP-MV5RI2B with PID 11840 (C:\Users\User\workspace\plantdiary\target\classes started by User in C:\Users\User\workspace\plantdiary)
2020-01-10 16:35:14,987 DEBUG org.springframework.boot.StartupInfoLogger [main] Running with Spring Boot v2.0.4.RELEASE, Spring v5.0.8.RELEASE
2020-01-10 16:35:14,992 INFO org.springframework.boot.SpringApplication [main] No active profile set, falling back to default profiles: default
2020-01-10 16:35:24,699 INFO org.springframework.boot.StartupInfoLogger [main] Started PlantdiaryApplication in 10.572 seconds (JVM running for 11.438)
2020-01-10 16:35:50,451 INFO com.plantdiary.PlantplacesController [http-nio-8080-exec-9] User has entered the /start endpoint
2020-01-10 17:21:04,662 INFO org.springframework.boot.StartupInfoLogger [main] Starting PlantdiaryApplication on DESKTOP-MV5RI2B with PID 12632 (C:\Users\User\workspace\plantdiary\target\classes started by User in C:\Users\User\workspace\plantdiary)
2020-01-10 17:21:04,668 DEBUG org.springframework.boot.StartupInfoLogger [main] Running with Spring Boot v2.0.4.RELEASE, Spring v5.0.8.RELEASE
2020-01-10 17:21:04,668 INFO org.springframework.boot.SpringApplication [main] No active profile set, falling back to default profiles: default
2020-01-10 17:21:16,459 INFO org.springframework.boot.StartupInfoLogger [main] Started PlantdiaryApplication in 12.842 seconds (JVM running for 14.275)
2020-01-10 17:21:39,233 INFO com.plantdiary.PlantplacesController [http-nio-8080-exec-10] User has entered the /start endpoint
2020-01-10 17:23:59,842 INFO org.springframework.boot.StartupInfoLogger [main] Starting PlantdiaryApplication on DESKTOP-MV5RI2B with PID 4260 (C:\Users\User\workspace\plantdiary\target\classes started by User in C:\Users\User\workspace\plantdiary)
2020-01-10 17:23:59,853 DEBUG org.springframework.boot.StartupInfoLogger [main] Running with Spring Boot v2.0.4.RELEASE, Spring v5.0.8.RELEASE
2020-01-10 17:23:59,857 INFO org.springframework.boot.SpringApplication [main] No active profile set, falling back to default profiles: default
2020-01-10 17:24:11,500 INFO org.springframework.boot.StartupInfoLogger [main] Started PlantdiaryApplication in 12.579 seconds (JVM running for 13.276)
