2020-01-13 00:00:05,569 INFO com.plantdiary.PlantPlacesController [http-nio-8080-exec-1] User has entered the /start endpoint
2020-01-13 00:00:15,861 DEBUG com.plantdiary.PlantPlacesController [http-nio-8080-exec-9] Entering search plants
2020-01-13 00:00:42,865 DEBUG com.plantdiary.PlantPlacesController [http-nio-8080-exec-9] Exiting search plants
2020-01-13 00:05:48,268 INFO org.springframework.boot.StartupInfoLogger [main] Starting PlantdiaryApplication on DESKTOP-MV5RI2B with PID 1756 (C:\Users\User\workspace\plantdiary\target\classes started by User in C:\Users\User\workspace\plantdiary)
2020-01-13 00:05:48,268 DEBUG org.springframework.boot.StartupInfoLogger [main] Running with Spring Boot v2.0.4.RELEASE, Spring v5.0.8.RELEASE
2020-01-13 00:05:48,284 INFO org.springframework.boot.SpringApplication [main] No active profile set, falling back to default profiles: default
2020-01-13 00:06:06,327 INFO org.springframework.boot.StartupInfoLogger [main] Started PlantdiaryApplication in 18.934 seconds (JVM running for 19.708)
2020-01-13 00:06:22,066 INFO com.plantdiary.PlantPlacesController [http-nio-8080-exec-2] User has entered the /start endpoint
2020-01-13 00:10:02,192 ERROR com.plantdiary.PlantPlacesController [http-nio-8080-exec-7] Error saving photos
org.springframework.jms.support.converter.MessageConversionException: Cannot convert object of type [sun.nio.fs.WindowsPath] to JMS message. Supported message payloads are: String, byte array, Map<String,?>, Serializable object.
	at org.springframework.jms.support.converter.SimpleMessageConverter.toMessage(SimpleMessageConverter.java:78)
	at org.springframework.jms.core.JmsTemplate.lambda$convertAndSend$5(JmsTemplate.java:661)
	at org.springframework.jms.core.JmsTemplate.doSend(JmsTemplate.java:604)
	at org.springframework.jms.core.JmsTemplate.lambda$send$3(JmsTemplate.java:586)
	at org.springframework.jms.core.JmsTemplate.execute(JmsTemplate.java:504)
	at org.springframework.jms.core.JmsTemplate.send(JmsTemplate.java:584)
	at org.springframework.jms.core.JmsTemplate.convertAndSend(JmsTemplate.java:661)
	at com.plantdiary.dao.PhotoDAO.savePhotoImage(PhotoDAO.java:52)
	at com.plantdiary.service.SpecimenService.saveImage(SpecimenService.java:70)
	at com.plantdiary.service.SpecimenService$$FastClassBySpringCGLIB$$abbd490b.invoke(<generated>)
	at org.springframework.cglib.proxy.MethodProxy.invoke(MethodProxy.java:204)
	at org.springframework.aop.framework.CglibAopProxy$DynamicAdvisedInterceptor.intercept(CglibAopProxy.java:684)
	at com.plantdiary.service.SpecimenService$$EnhancerBySpringCGLIB$$7f8daab1.saveImage(<generated>)
	at com.plantdiary.PlantPlacesController.saveSpecimen(PlantPlacesController.java:68)
	at sun.reflect.NativeMethodAccessorImpl.invoke0(Native Method)
	at sun.reflect.NativeMethodAccessorImpl.invoke(NativeMethodAccessorImpl.java:62)
	at sun.reflect.DelegatingMethodAccessorImpl.invoke(DelegatingMethodAccessorImpl.java:43)
	at java.lang.reflect.Method.invoke(Method.java:498)
	at org.springframework.web.method.support.InvocableHandlerMethod.doInvoke(InvocableHandlerMethod.java:209)
	at org.springframework.web.method.support.InvocableHandlerMethod.invokeForRequest(InvocableHandlerMethod.java:136)
	at org.springframework.web.servlet.mvc.method.annotation.ServletInvocableHandlerMethod.invokeAndHandle(ServletInvocableHandlerMethod.java:102)
	at org.springframework.web.servlet.mvc.method.annotation.RequestMappingHandlerAdapter.invokeHandlerMethod(RequestMappingHandlerAdapter.java:877)
	at org.springframework.web.servlet.mvc.method.annotation.RequestMappingHandlerAdapter.handleInternal(RequestMappingHandlerAdapter.java:783)
	at org.springframework.web.servlet.mvc.method.AbstractHandlerMethodAdapter.handle(AbstractHandlerMethodAdapter.java:87)
	at org.springframework.web.servlet.DispatcherServlet.doDispatch(DispatcherServlet.java:991)
	at org.springframework.web.servlet.DispatcherServlet.doService(DispatcherServlet.java:925)
	at org.springframework.web.servlet.FrameworkServlet.processRequest(FrameworkServlet.java:974)
	at org.springframework.web.servlet.FrameworkServlet.doPost(FrameworkServlet.java:877)
	at javax.servlet.http.HttpServlet.service(HttpServlet.java:661)
	at org.springframework.web.servlet.FrameworkServlet.service(FrameworkServlet.java:851)
	at javax.servlet.http.HttpServlet.service(HttpServlet.java:742)
	at org.apache.catalina.core.ApplicationFilterChain.internalDoFilter(ApplicationFilterChain.java:231)
	at org.apache.catalina.core.ApplicationFilterChain.doFilter(ApplicationFilterChain.java:166)
	at org.apache.tomcat.websocket.server.WsFilter.doFilter(WsFilter.java:52)
	at org.apache.catalina.core.ApplicationFilterChain.internalDoFilter(ApplicationFilterChain.java:193)
	at org.apache.catalina.core.ApplicationFilterChain.doFilter(ApplicationFilterChain.java:166)
	at org.springframework.web.filter.RequestContextFilter.doFilterInternal(RequestContextFilter.java:99)
	at org.springframework.web.filter.OncePerRequestFilter.doFilter(OncePerRequestFilter.java:107)
	at org.apache.catalina.core.ApplicationFilterChain.internalDoFilter(ApplicationFilterChain.java:193)
	at org.apache.catalina.core.ApplicationFilterChain.doFilter(ApplicationFilterChain.java:166)
	at org.springframework.web.filter.HttpPutFormContentFilter.doFilterInternal(HttpPutFormContentFilter.java:109)
	at org.springframework.web.filter.OncePerRequestFilter.doFilter(OncePerRequestFilter.java:107)
	at org.apache.catalina.core.ApplicationFilterChain.internalDoFilter(ApplicationFilterChain.java:193)
	at org.apache.catalina.core.ApplicationFilterChain.doFilter(ApplicationFilterChain.java:166)
	at org.springframework.web.filter.HiddenHttpMethodFilter.doFilterInternal(HiddenHttpMethodFilter.java:93)
	at org.springframework.web.filter.OncePerRequestFilter.doFilter(OncePerRequestFilter.java:107)
	at org.apache.catalina.core.ApplicationFilterChain.internalDoFilter(ApplicationFilterChain.java:193)
	at org.apache.catalina.core.ApplicationFilterChain.doFilter(ApplicationFilterChain.java:166)
	at org.springframework.web.filter.CharacterEncodingFilter.doFilterInternal(CharacterEncodingFilter.java:200)
	at org.springframework.web.filter.OncePerRequestFilter.doFilter(OncePerRequestFilter.java:107)
	at org.apache.catalina.core.ApplicationFilterChain.internalDoFilter(ApplicationFilterChain.java:193)
	at org.apache.catalina.core.ApplicationFilterChain.doFilter(ApplicationFilterChain.java:166)
	at org.apache.catalina.core.StandardWrapperValve.invoke(StandardWrapperValve.java:198)
	at org.apache.catalina.core.StandardContextValve.invoke(StandardContextValve.java:96)
	at org.apache.catalina.authenticator.AuthenticatorBase.invoke(AuthenticatorBase.java:493)
	at org.apache.catalina.core.StandardHostValve.invoke(StandardHostValve.java:140)
	at org.apache.catalina.valves.ErrorReportValve.invoke(ErrorReportValve.java:81)
	at org.apache.catalina.core.StandardEngineValve.invoke(StandardEngineValve.java:87)
	at org.apache.catalina.connector.CoyoteAdapter.service(CoyoteAdapter.java:342)
	at org.apache.coyote.http11.Http11Processor.service(Http11Processor.java:800)
	at org.apache.coyote.AbstractProcessorLight.process(AbstractProcessorLight.java:66)
	at org.apache.coyote.AbstractProtocol$ConnectionHandler.process(AbstractProtocol.java:800)
	at org.apache.tomcat.util.net.NioEndpoint$SocketProcessor.doRun(NioEndpoint.java:1471)
	at org.apache.tomcat.util.net.SocketProcessorBase.run(SocketProcessorBase.java:49)
	at java.util.concurrent.ThreadPoolExecutor.runWorker(ThreadPoolExecutor.java:1149)
	at java.util.concurrent.ThreadPoolExecutor$Worker.run(ThreadPoolExecutor.java:624)
	at org.apache.tomcat.util.threads.TaskThread$WrappingRunnable.run(TaskThread.java:61)
	at java.lang.Thread.run(Thread.java:748)
2020-01-13 00:13:47,260 INFO org.springframework.boot.StartupInfoLogger [main] Starting PlantdiaryApplication on DESKTOP-MV5RI2B with PID 2276 (C:\Users\User\workspace\plantdiary\target\classes started by User in C:\Users\User\workspace\plantdiary)
2020-01-13 00:13:47,267 DEBUG org.springframework.boot.StartupInfoLogger [main] Running with Spring Boot v2.0.4.RELEASE, Spring v5.0.8.RELEASE
2020-01-13 00:13:47,267 INFO org.springframework.boot.SpringApplication [main] No active profile set, falling back to default profiles: default
2020-01-13 00:14:01,130 INFO org.springframework.boot.StartupInfoLogger [main] Started PlantdiaryApplication in 14.734 seconds (JVM running for 15.841)
2020-01-13 00:14:14,272 INFO com.plantdiary.PlantPlacesController [http-nio-8080-exec-1] User has entered the /start endpoint
2020-01-13 00:37:58,564 INFO org.springframework.boot.StartupInfoLogger [main] Starting PlantdiaryApplication on DESKTOP-MV5RI2B with PID 9248 (C:\Users\User\workspace\plantdiary\target\classes started by User in C:\Users\User\workspace\plantdiary)
2020-01-13 00:37:58,576 DEBUG org.springframework.boot.StartupInfoLogger [main] Running with Spring Boot v2.0.4.RELEASE, Spring v5.0.8.RELEASE
2020-01-13 00:37:58,584 INFO org.springframework.boot.SpringApplication [main] No active profile set, falling back to default profiles: default
2020-01-13 00:38:21,903 INFO org.springframework.boot.StartupInfoLogger [main] Started PlantdiaryApplication in 25.07 seconds (JVM running for 26.317)
2020-01-13 00:39:02,639 INFO com.plantdiary.PlantPlacesController [http-nio-8080-exec-1] User has entered the /start endpoint
2020-01-13 00:39:08,182 INFO com.plantdiary.PlantPlacesController [http-nio-8080-exec-2] User has entered the /start endpoint
2020-01-13 00:58:36,614 INFO com.plantdiary.PlantPlacesController [http-nio-8080-exec-3] User has entered the /start endpoint
2020-01-13 01:37:12,608 INFO org.springframework.boot.StartupInfoLogger [main] Starting PlantdiaryApplication on DESKTOP-MV5RI2B with PID 14772 (C:\Users\User\workspace\plantdiary\target\classes started by User in C:\Users\User\workspace\plantdiary)
2020-01-13 01:37:12,620 DEBUG org.springframework.boot.StartupInfoLogger [main] Running with Spring Boot v2.0.4.RELEASE, Spring v5.0.8.RELEASE
2020-01-13 01:37:12,636 INFO org.springframework.boot.SpringApplication [main] No active profile set, falling back to default profiles: default
2020-01-13 01:37:29,100 INFO org.springframework.boot.StartupInfoLogger [main] Started PlantdiaryApplication in 17.37 seconds (JVM running for 18.395)
2020-01-13 01:37:30,873 INFO com.plantdiary.PlantPlacesController [http-nio-8080-exec-1] User has entered the /start endpoint
2020-01-13 02:09:25,258 INFO org.springframework.boot.StartupInfoLogger [main] Starting PlantdiaryApplication on DESKTOP-MV5RI2B with PID 7608 (C:\Users\User\workspace\plantdiary\target\classes started by User in C:\Users\User\workspace\plantdiary)
2020-01-13 02:09:25,274 DEBUG org.springframework.boot.StartupInfoLogger [main] Running with Spring Boot v2.0.4.RELEASE, Spring v5.0.8.RELEASE
2020-01-13 02:09:25,290 INFO org.springframework.boot.SpringApplication [main] No active profile set, falling back to default profiles: default
2020-01-13 02:10:31,467 INFO org.springframework.boot.StartupInfoLogger [main] Starting PlantdiaryApplication on DESKTOP-MV5RI2B with PID 9636 (C:\Users\User\workspace\plantdiary\target\classes started by User in C:\Users\User\workspace\plantdiary)
2020-01-13 02:10:31,467 DEBUG org.springframework.boot.StartupInfoLogger [main] Running with Spring Boot v2.0.4.RELEASE, Spring v5.0.8.RELEASE
2020-01-13 02:10:31,467 INFO org.springframework.boot.SpringApplication [main] No active profile set, falling back to default profiles: default
2020-01-13 02:10:46,516 INFO org.springframework.boot.StartupInfoLogger [main] Started PlantdiaryApplication in 15.964 seconds (JVM running for 16.749)
2020-01-13 02:11:32,907 INFO com.plantdiary.PlantPlacesController [http-nio-8080-exec-1] User has entered the /start endpoint
2020-01-13 18:21:04,453 INFO org.springframework.boot.StartupInfoLogger [main] Starting PlantdiaryApplication on DESKTOP-MV5RI2B with PID 12400 (C:\Users\User\workspace\plantdiary\target\classes started by User in C:\Users\User\workspace\plantdiary)
2020-01-13 18:21:04,485 DEBUG org.springframework.boot.StartupInfoLogger [main] Running with Spring Boot v2.0.4.RELEASE, Spring v5.0.8.RELEASE
2020-01-13 18:21:04,488 INFO org.springframework.boot.SpringApplication [main] No active profile set, falling back to default profiles: default
2020-01-13 18:21:19,912 INFO org.springframework.boot.StartupInfoLogger [main] Started PlantdiaryApplication in 16.284 seconds (JVM running for 17.028)
2020-01-13 18:32:24,709 INFO org.springframework.boot.StartupInfoLogger [main] Starting PlantdiaryApplication on DESKTOP-MV5RI2B with PID 9872 (C:\Users\User\workspace\plantdiary\target\classes started by User in C:\Users\User\workspace\plantdiary)
2020-01-13 18:32:24,717 DEBUG org.springframework.boot.StartupInfoLogger [main] Running with Spring Boot v2.0.4.RELEASE, Spring v5.0.8.RELEASE
2020-01-13 18:32:24,727 INFO org.springframework.boot.SpringApplication [main] No active profile set, falling back to default profiles: default
2020-01-13 18:32:37,440 INFO org.springframework.boot.StartupInfoLogger [main] Started PlantdiaryApplication in 13.673 seconds (JVM running for 14.44)
